<?xml version="1.0" encoding="UTF-8"?>
<!-- Generated by org.testng.reporters.JUnitReportReporter -->
<testsuite skipped="0" hostname="QT-INNO-LT0798" name="test.CreateEmployee" tests="1" failures="0" timestamp="2021-08-06T12:51:12 IST" time="26.384" errors="0">
  <testcase name="testPost" time="26.384" classname="test.CreateEmployee"/>
  <system-out/>
</testsuite> <!-- test.CreateEmployee -->
