<?xml version="1.0" encoding="UTF-8"?>
<!-- Generated by org.testng.reporters.JUnitReportReporter -->
<testsuite skipped="0" hostname="QT-INNO-LT0798" name="test.SampleGet" tests="1" failures="0" timestamp="2021-08-05T11:02:40 IST" time="3.781" errors="0">
  <testcase name="getEmployeeDetails" time="3.781" classname="test.SampleGet"/>
  <system-out/>
</testsuite> <!-- test.SampleGet -->
