<?xml version="1.0" encoding="UTF-8"?>
<!-- Generated by org.testng.reporters.JUnitReportReporter -->
<testsuite skipped="0" hostname="QT-INNO-LT0798" name="test.SamplePost" tests="1" failures="0" timestamp="2021-08-04T09:51:29 IST" time="3.801" errors="0">
  <testcase name="testPost" time="3.801" classname="test.SamplePost"/>
  <system-out/>
</testsuite> <!-- test.SamplePost -->
